[15-Aug-23 19:11:59 - INFO - init.py:44 - <module>()]  Web server ready
[15-Aug-23 19:11:59 - INFO - Processing.py:15 - __init__()]  Tag layout loaded
[15-Aug-23 19:11:59 - INFO - NetworkClient.cpp:141 - None()]  starting network client
[15-Aug-23 19:11:59 - INFO - state.py:117 - makePublisher()]  Robot publisher created: 2767 - Walleye
[15-Aug-23 19:11:59 - INFO - init.py:53 - <module>()]  Starting main loop
[15-Aug-23 19:11:59 - CRITICAL - init.py:159 - <module>()]  OpenCV(4.7.0) /io/opencv/modules/imgcodecs/src/loadsave.cpp:1109: error: (-215:Assertion failed) !image.empty() in function 'imencode'
Traceback (most recent call last):
  File "/home/orangepi/Desktop/wallEYE-main/init.py", line 134, in <module>
    camBuffers[identifier].update(img)
  File "/home/orangepi/Desktop/wallEYE-main/WebInterface/image_streams.py", line 24, in update
    self.outputFrame = cv2.imencode(".jpg", img)[1].tobytes()
cv2.error: OpenCV(4.7.0) /io/opencv/modules/imgcodecs/src/loadsave.cpp:1109: error: (-215:Assertion failed) !image.empty() in function 'imencode'

[15-Aug-23 19:11:59 - INFO - init.py:160 - <module>()]  Shutting down
[15-Aug-23 19:12:00 - INFO - init.py:14 - <module>()]  ----------- Starting Up -----------
[15-Aug-23 19:12:00 - INFO - state.py:150 - setIP()]  Attempting to set static IP
[15-Aug-23 19:12:00 - INFO - state.py:161 - setIP()]  Static IP set: 10.27.67.10
[15-Aug-23 19:12:01 - INFO - camera.py:38 - __init__()]  Platform is linux
[15-Aug-23 19:12:01 - INFO - camera.py:53 - __init__()]  Camera found: platform-fc800000.usb-usb-0:1:1.0-video-index0
[15-Aug-23 19:12:01 - INFO - camera.py:78 - __init__()]  Supported resolutions: [(160, 120), (176, 144), (320, 240), (352, 288), (416, 240), (424, 240), (640, 360), (640, 480), (800, 448), (800, 600), (960, 544), (1280, 720), (1280, 800)]
[15-Aug-23 19:12:01 - WARNING - camera.py:86 - __init__()]  Failed to disable auto exposure for platform-fc800000.usb-usb-0:1:1.0-video-index0
[15-Aug-23 19:12:01 - INFO - camera.py:99 - __init__()]  Config found!
[15-Aug-23 19:12:01 - ERROR - camera.py:154 - setResolution()]  Failed to set resolution to [640, 480] for platform-fc800000.usb-usb-0:1:1.0-video-index0
[15-Aug-23 19:12:01 - INFO - camera.py:181 - setGain()]  Gain set to -1.0
[15-Aug-23 19:12:01 - INFO - camera.py:202 - setExposure()]  Exposure set to -1.0
[15-Aug-23 19:12:02 - INFO - image_streams.py:42 - __init__()]  Tag layout loaded
[15-Aug-23 19:12:10 - INFO - init.py:44 - <module>()]  Web server ready
[15-Aug-23 19:12:10 - INFO - Processing.py:15 - __init__()]  Tag layout loaded
[15-Aug-23 19:12:10 - INFO - NetworkClient.cpp:141 - None()]  starting network client
[15-Aug-23 19:12:10 - INFO - state.py:117 - makePublisher()]  Robot publisher created: 2767 - Walleye
[15-Aug-23 19:12:10 - INFO - init.py:53 - <module>()]  Starting main loop
[15-Aug-23 19:12:10 - CRITICAL - init.py:159 - <module>()]  OpenCV(4.7.0) /io/opencv/modules/imgcodecs/src/loadsave.cpp:1109: error: (-215:Assertion failed) !image.empty() in function 'imencode'
Traceback (most recent call last):
  File "/home/orangepi/Desktop/wallEYE-main/init.py", line 134, in <module>
    camBuffers[identifier].update(img)
  File "/home/orangepi/Desktop/wallEYE-main/WebInterface/image_streams.py", line 24, in update
    self.outputFrame = cv2.imencode(".jpg", img)[1].tobytes()
cv2.error: OpenCV(4.7.0) /io/opencv/modules/imgcodecs/src/loadsave.cpp:1109: error: (-215:Assertion failed) !image.empty() in function 'imencode'

[15-Aug-23 19:12:10 - INFO - init.py:160 - <module>()]  Shutting down
[15-Aug-23 19:12:12 - INFO - init.py:14 - <module>()]  ----------- Starting Up -----------
[15-Aug-23 19:12:12 - INFO - state.py:150 - setIP()]  Attempting to set static IP
[15-Aug-23 19:12:12 - INFO - state.py:161 - setIP()]  Static IP set: 10.27.67.10
[15-Aug-23 19:12:12 - INFO - camera.py:38 - __init__()]  Platform is linux
[15-Aug-23 19:12:12 - INFO - camera.py:53 - __init__()]  Camera found: platform-fc800000.usb-usb-0:1:1.0-video-index0
[15-Aug-23 19:12:12 - INFO - camera.py:78 - __init__()]  Supported resolutions: [(160, 120), (176, 144), (320, 240), (352, 288), (416, 240), (424, 240), (640, 360), (640, 480), (800, 448), (800, 600), (960, 544), (1280, 720), (1280, 800)]
[15-Aug-23 19:12:13 - WARNING - camera.py:86 - __init__()]  Failed to disable auto exposure for platform-fc800000.usb-usb-0:1:1.0-video-index0
[15-Aug-23 19:12:13 - INFO - camera.py:99 - __init__()]  Config found!
[15-Aug-23 19:12:13 - ERROR - camera.py:154 - setResolution()]  Failed to set resolution to [640, 480] for platform-fc800000.usb-usb-0:1:1.0-video-index0
[15-Aug-23 19:12:13 - INFO - camera.py:181 - setGain()]  Gain set to -1.0
[15-Aug-23 19:12:13 - INFO - camera.py:202 - setExposure()]  Exposure set to -1.0
[15-Aug-23 19:12:14 - INFO - image_streams.py:42 - __init__()]  Tag layout loaded
[15-Aug-23 19:12:25 - INFO - init.py:44 - <module>()]  Web server ready
[15-Aug-23 19:12:25 - INFO - Processing.py:15 - __init__()]  Tag layout loaded
[15-Aug-23 19:12:25 - INFO - NetworkClient.cpp:141 - None()]  starting network client
[15-Aug-23 19:12:25 - INFO - state.py:117 - makePublisher()]  Robot publisher created: 2767 - Walleye
[15-Aug-23 19:12:25 - INFO - init.py:53 - <module>()]  Starting main loop
[15-Aug-23 19:12:25 - CRITICAL - init.py:159 - <module>()]  OpenCV(4.7.0) /io/opencv/modules/imgcodecs/src/loadsave.cpp:1109: error: (-215:Assertion failed) !image.empty() in function 'imencode'
Traceback (most recent call last):
  File "/home/orangepi/Desktop/wallEYE-main/init.py", line 134, in <module>
    camBuffers[identifier].update(img)
  File "/home/orangepi/Desktop/wallEYE-main/WebInterface/image_streams.py", line 24, in update
    self.outputFrame = cv2.imencode(".jpg", img)[1].tobytes()
cv2.error: OpenCV(4.7.0) /io/opencv/modules/imgcodecs/src/loadsave.cpp:1109: error: (-215:Assertion failed) !image.empty() in function 'imencode'

[15-Aug-23 19:12:25 - INFO - init.py:160 - <module>()]  Shutting down
[15-Aug-23 19:12:27 - INFO - init.py:14 - <module>()]  ----------- Starting Up -----------
[15-Aug-23 19:12:27 - INFO - state.py:150 - setIP()]  Attempting to set static IP
[15-Aug-23 19:12:27 - INFO - state.py:161 - setIP()]  Static IP set: 10.27.67.10
[15-Aug-23 19:12:27 - INFO - camera.py:38 - __init__()]  Platform is linux
[15-Aug-23 19:12:27 - INFO - camera.py:53 - __init__()]  Camera found: platform-fc800000.usb-usb-0:1:1.0-video-index0
[15-Aug-23 19:12:27 - INFO - camera.py:78 - __init__()]  Supported resolutions: [(160, 120), (176, 144), (320, 240), (352, 288), (416, 240), (424, 240), (640, 360), (640, 480), (800, 448), (800, 600), (960, 544), (1280, 720), (1280, 800)]
[15-Aug-23 19:12:28 - WARNING - camera.py:86 - __init__()]  Failed to disable auto exposure for platform-fc800000.usb-usb-0:1:1.0-video-index0
[15-Aug-23 19:12:28 - INFO - camera.py:99 - __init__()]  Config found!
[15-Aug-23 19:12:28 - ERROR - camera.py:154 - setResolution()]  Failed to set resolution to [640, 480] for platform-fc800000.usb-usb-0:1:1.0-video-index0
[15-Aug-23 19:12:28 - INFO - camera.py:181 - setGain()]  Gain set to -1.0
[15-Aug-23 19:12:28 - INFO - camera.py:202 - setExposure()]  Exposure set to -1.0
[15-Aug-23 19:12:30 - INFO - init.py:14 - <module>()]  ----------- Starting Up -----------
[15-Aug-23 19:12:30 - INFO - state.py:150 - setIP()]  Attempting to set static IP
[15-Aug-23 19:12:30 - INFO - state.py:161 - setIP()]  Static IP set: 10.27.67.10
[15-Aug-23 19:12:31 - INFO - camera.py:38 - __init__()]  Platform is linux
[15-Aug-23 19:12:31 - INFO - camera.py:53 - __init__()]  Camera found: platform-fc800000.usb-usb-0:1:1.0-video-index0
[15-Aug-23 19:12:31 - INFO - camera.py:78 - __init__()]  Supported resolutions: [(160, 120), (176, 144), (320, 240), (352, 288), (416, 240), (424, 240), (640, 360), (640, 480), (800, 448), (800, 600), (960, 544), (1280, 720), (1280, 800)]
[15-Aug-23 19:12:31 - WARNING - camera.py:86 - __init__()]  Failed to disable auto exposure for platform-fc800000.usb-usb-0:1:1.0-video-index0
[15-Aug-23 19:12:31 - INFO - camera.py:99 - __init__()]  Config found!
[15-Aug-23 19:12:31 - ERROR - camera.py:154 - setResolution()]  Failed to set resolution to [640, 480] for platform-fc800000.usb-usb-0:1:1.0-video-index0
[15-Aug-23 19:12:31 - INFO - camera.py:181 - setGain()]  Gain set to -1.0
[15-Aug-23 19:12:31 - INFO - camera.py:202 - setExposure()]  Exposure set to -1.0
[15-Aug-23 19:12:32 - INFO - image_streams.py:42 - __init__()]  Tag layout loaded
[15-Aug-23 19:12:40 - INFO - init.py:14 - <module>()]  ----------- Starting Up -----------
[15-Aug-23 19:12:40 - INFO - state.py:150 - setIP()]  Attempting to set static IP
[15-Aug-23 19:12:40 - INFO - state.py:161 - setIP()]  Static IP set: 10.27.67.10
[15-Aug-23 19:12:41 - INFO - camera.py:38 - __init__()]  Platform is linux
[15-Aug-23 19:12:41 - INFO - camera.py:53 - __init__()]  Camera found: platform-fc800000.usb-usb-0:1:1.0-video-index0
[15-Aug-23 19:12:41 - INFO - camera.py:78 - __init__()]  Supported resolutions: [(160, 120), (176, 144), (320, 240), (352, 288), (416, 240), (424, 240), (640, 360), (640, 480), (800, 448), (800, 600), (960, 544), (1280, 720), (1280, 800)]
[15-Aug-23 19:12:41 - WARNING - camera.py:86 - __init__()]  Failed to disable auto exposure for platform-fc800000.usb-usb-0:1:1.0-video-index0
[15-Aug-23 19:12:41 - INFO - camera.py:99 - __init__()]  Config found!
[15-Aug-23 19:12:41 - ERROR - camera.py:154 - setResolution()]  Failed to set resolution to [640, 480] for platform-fc800000.usb-usb-0:1:1.0-video-index0
[15-Aug-23 19:12:41 - INFO - camera.py:181 - setGain()]  Gain set to -1.0
[15-Aug-23 19:12:41 - INFO - camera.py:202 - setExposure()]  Exposure set to -1.0
[15-Aug-23 19:12:43 - INFO - image_streams.py:43 - __init__()]  Tag layout loaded
[15-Aug-23 19:12:52 - INFO - init.py:44 - <module>()]  Web server ready
[15-Aug-23 19:12:52 - INFO - Processing.py:15 - __init__()]  Tag layout loaded
[15-Aug-23 19:12:52 - INFO - NetworkClient.cpp:141 - None()]  starting network client
[15-Aug-23 19:12:52 - INFO - state.py:117 - makePublisher()]  Robot publisher created: 2767 - Walleye
[15-Aug-23 19:12:52 - INFO - init.py:53 - <module>()]  Starting main loop
[15-Aug-23 19:12:52 - ERROR - image_streams.py:21 - update()]  Updated image is None - Skipping
[15-Aug-23 19:12:58 - INFO - web_interface.py:41 - connect()]  Client connected
[15-Aug-23 19:13:03 - ERROR - server.py:439 - handle_request()]  post request handler error
Traceback (most recent call last):
  File "/home/orangepi/.local/lib/python3.10/site-packages/engineio/server.py", line 430, in handle_request
    socket.handle_post_request(environ)
  File "/home/orangepi/.local/lib/python3.10/site-packages/engineio/socket.py", line 124, in handle_post_request
    p = payload.Payload(encoded_payload=body)
  File "/home/orangepi/.local/lib/python3.10/site-packages/engineio/payload.py", line 13, in __init__
    self.decode(encoded_payload)
  File "/home/orangepi/.local/lib/python3.10/site-packages/engineio/payload.py", line 44, in decode
    raise ValueError('Too many packets in payload')
ValueError: Too many packets in payload
[15-Aug-23 19:15:33 - INFO - init.py:14 - <module>()]  ----------- Starting Up -----------
[15-Aug-23 19:15:33 - INFO - state.py:150 - setIP()]  Attempting to set static IP
[15-Aug-23 19:15:34 - INFO - state.py:161 - setIP()]  Static IP set: 10.27.67.10
[15-Aug-23 19:15:34 - INFO - camera.py:38 - __init__()]  Platform is linux
[15-Aug-23 19:15:34 - INFO - camera.py:53 - __init__()]  Camera found: platform-fc800000.usb-usb-0:1:1.0-video-index0
[15-Aug-23 19:15:34 - INFO - camera.py:78 - __init__()]  Supported resolutions: [(160, 120), (176, 144), (320, 240), (352, 288), (416, 240), (424, 240), (640, 360), (640, 480), (800, 448), (800, 600), (960, 544), (1280, 720), (1280, 800)]
[15-Aug-23 19:15:35 - WARNING - camera.py:86 - __init__()]  Failed to disable auto exposure for platform-fc800000.usb-usb-0:1:1.0-video-index0
[15-Aug-23 19:15:35 - INFO - camera.py:99 - __init__()]  Config found!
[15-Aug-23 19:15:35 - ERROR - camera.py:154 - setResolution()]  Failed to set resolution to [640, 480] for platform-fc800000.usb-usb-0:1:1.0-video-index0
[15-Aug-23 19:15:35 - INFO - camera.py:181 - setGain()]  Gain set to -1.0
[15-Aug-23 19:15:35 - INFO - camera.py:202 - setExposure()]  Exposure set to -1.0
[15-Aug-23 19:15:40 - INFO - image_streams.py:43 - __init__()]  Tag layout loaded
[15-Aug-23 19:15:49 - INFO - init.py:44 - <module>()]  Web server ready
[15-Aug-23 19:15:49 - INFO - Processing.py:15 - __init__()]  Tag layout loaded
[15-Aug-23 19:15:49 - INFO - NetworkClient.cpp:141 - None()]  starting network client
[15-Aug-23 19:15:49 - INFO - state.py:117 - makePublisher()]  Robot publisher created: 2767 - Walleye
[15-Aug-23 19:15:49 - INFO - init.py:53 - <module>()]  Starting main loop
[15-Aug-23 19:15:49 - ERROR - image_streams.py:21 - update()]  Updated image is None - Skipping
[15-Aug-23 19:15:53 - INFO - web_interface.py:43 - connect()]  Client connected
[15-Aug-23 19:15:54 - WARNING - web_interface.py:48 - disconnect()]  Client disconnected
[15-Aug-23 19:15:54 - INFO - web_interface.py:43 - connect()]  Client connected
[15-Aug-23 19:16:20 - WARNING - web_interface.py:48 - disconnect()]  Client disconnected
[15-Aug-23 19:16:20 - INFO - web_interface.py:43 - connect()]  Client connected
[15-Aug-23 19:17:19 - INFO - init.py:14 - <module>()]  ----------- Starting Up -----------
[15-Aug-23 19:17:20 - INFO - state.py:150 - setIP()]  Attempting to set static IP
[15-Aug-23 19:17:20 - INFO - state.py:161 - setIP()]  Static IP set: 10.27.67.10
[15-Aug-23 19:17:21 - INFO - camera.py:38 - __init__()]  Platform is linux
[15-Aug-23 19:17:21 - INFO - camera.py:53 - __init__()]  Camera found: platform-fc800000.usb-usb-0:1:1.0-video-index0
[15-Aug-23 19:17:21 - INFO - camera.py:78 - __init__()]  Supported resolutions: [(160, 120), (176, 144), (320, 240), (352, 288), (416, 240), (424, 240), (640, 360), (640, 480), (800, 448), (800, 600), (960, 544), (1280, 720), (1280, 800)]
[15-Aug-23 19:17:21 - WARNING - camera.py:86 - __init__()]  Failed to disable auto exposure for platform-fc800000.usb-usb-0:1:1.0-video-index0
[15-Aug-23 19:17:21 - INFO - camera.py:99 - __init__()]  Config found!
[15-Aug-23 19:17:21 - ERROR - camera.py:154 - setResolution()]  Failed to set resolution to [640, 480] for platform-fc800000.usb-usb-0:1:1.0-video-index0
[15-Aug-23 19:17:21 - INFO - camera.py:181 - setGain()]  Gain set to -1.0
[15-Aug-23 19:17:21 - INFO - camera.py:202 - setExposure()]  Exposure set to -1.0
[15-Aug-23 19:17:23 - INFO - init.py:14 - <module>()]  ----------- Starting Up -----------
[15-Aug-23 19:17:23 - INFO - state.py:150 - setIP()]  Attempting to set static IP
[15-Aug-23 19:17:24 - INFO - state.py:161 - setIP()]  Static IP set: 10.27.67.10
[15-Aug-23 19:17:24 - INFO - camera.py:38 - __init__()]  Platform is linux
[15-Aug-23 19:17:24 - INFO - camera.py:53 - __init__()]  Camera found: platform-fc800000.usb-usb-0:1:1.0-video-index0
[15-Aug-23 19:17:24 - INFO - camera.py:78 - __init__()]  Supported resolutions: [(160, 120), (176, 144), (320, 240), (352, 288), (416, 240), (424, 240), (640, 360), (640, 480), (800, 448), (800, 600), (960, 544), (1280, 720), (1280, 800)]
[15-Aug-23 19:17:25 - WARNING - camera.py:86 - __init__()]  Failed to disable auto exposure for platform-fc800000.usb-usb-0:1:1.0-video-index0
[15-Aug-23 19:17:25 - INFO - camera.py:99 - __init__()]  Config found!
[15-Aug-23 19:17:25 - ERROR - camera.py:154 - setResolution()]  Failed to set resolution to [640, 480] for platform-fc800000.usb-usb-0:1:1.0-video-index0
[15-Aug-23 19:17:25 - INFO - camera.py:181 - setGain()]  Gain set to -1.0
[15-Aug-23 19:17:25 - INFO - camera.py:202 - setExposure()]  Exposure set to -1.0
[15-Aug-23 19:17:26 - INFO - init.py:14 - <module>()]  ----------- Starting Up -----------
[15-Aug-23 19:17:26 - INFO - state.py:150 - setIP()]  Attempting to set static IP
[15-Aug-23 19:17:26 - INFO - state.py:161 - setIP()]  Static IP set: 10.27.67.10
[15-Aug-23 19:17:27 - INFO - camera.py:38 - __init__()]  Platform is linux
[15-Aug-23 19:17:27 - INFO - camera.py:53 - __init__()]  Camera found: platform-fc800000.usb-usb-0:1:1.0-video-index0
[15-Aug-23 19:17:27 - INFO - camera.py:78 - __init__()]  Supported resolutions: [(160, 120), (176, 144), (320, 240), (352, 288), (416, 240), (424, 240), (640, 360), (640, 480), (800, 448), (800, 600), (960, 544), (1280, 720), (1280, 800)]
[15-Aug-23 19:17:27 - WARNING - camera.py:86 - __init__()]  Failed to disable auto exposure for platform-fc800000.usb-usb-0:1:1.0-video-index0
[15-Aug-23 19:17:27 - INFO - camera.py:99 - __init__()]  Config found!
[15-Aug-23 19:17:27 - ERROR - camera.py:154 - setResolution()]  Failed to set resolution to [640, 480] for platform-fc800000.usb-usb-0:1:1.0-video-index0
[15-Aug-23 19:17:27 - INFO - camera.py:181 - setGain()]  Gain set to -1.0
[15-Aug-23 19:17:27 - INFO - camera.py:202 - setExposure()]  Exposure set to -1.0
[15-Aug-23 19:17:29 - INFO - init.py:14 - <module>()]  ----------- Starting Up -----------
[15-Aug-23 19:17:29 - INFO - state.py:150 - setIP()]  Attempting to set static IP
[15-Aug-23 19:17:29 - INFO - state.py:161 - setIP()]  Static IP set: 10.27.67.10
[15-Aug-23 19:17:30 - INFO - camera.py:38 - __init__()]  Platform is linux
[15-Aug-23 19:17:30 - INFO - camera.py:53 - __init__()]  Camera found: platform-fc800000.usb-usb-0:1:1.0-video-index0
[15-Aug-23 19:17:30 - INFO - camera.py:78 - __init__()]  Supported resolutions: [(160, 120), (176, 144), (320, 240), (352, 288), (416, 240), (424, 240), (640, 360), (640, 480), (800, 448), (800, 600), (960, 544), (1280, 720), (1280, 800)]
[15-Aug-23 19:17:30 - WARNING - camera.py:86 - __init__()]  Failed to disable auto exposure for platform-fc800000.usb-usb-0:1:1.0-video-index0
[15-Aug-23 19:17:30 - INFO - camera.py:99 - __init__()]  Config found!
[15-Aug-23 19:17:30 - ERROR - camera.py:154 - setResolution()]  Failed to set resolution to [640, 480] for platform-fc800000.usb-usb-0:1:1.0-video-index0
[15-Aug-23 19:17:30 - INFO - camera.py:181 - setGain()]  Gain set to -1.0
[15-Aug-23 19:17:30 - INFO - camera.py:202 - setExposure()]  Exposure set to -1.0
[15-Aug-23 19:17:32 - INFO - init.py:14 - <module>()]  ----------- Starting Up -----------
[15-Aug-23 19:17:32 - INFO - state.py:150 - setIP()]  Attempting to set static IP
[15-Aug-23 19:17:32 - INFO - state.py:161 - setIP()]  Static IP set: 10.27.67.10
[15-Aug-23 19:17:32 - INFO - camera.py:38 - __init__()]  Platform is linux
[15-Aug-23 19:17:32 - INFO - camera.py:53 - __init__()]  Camera found: platform-fc800000.usb-usb-0:1:1.0-video-index0
[15-Aug-23 19:17:32 - INFO - camera.py:78 - __init__()]  Supported resolutions: [(160, 120), (176, 144), (320, 240), (352, 288), (416, 240), (424, 240), (640, 360), (640, 480), (800, 448), (800, 600), (960, 544), (1280, 720), (1280, 800)]
[15-Aug-23 19:17:33 - WARNING - camera.py:86 - __init__()]  Failed to disable auto exposure for platform-fc800000.usb-usb-0:1:1.0-video-index0
[15-Aug-23 19:17:33 - INFO - camera.py:99 - __init__()]  Config found!
[15-Aug-23 19:17:33 - ERROR - camera.py:154 - setResolution()]  Failed to set resolution to [640, 480] for platform-fc800000.usb-usb-0:1:1.0-video-index0
[15-Aug-23 19:17:33 - INFO - camera.py:181 - setGain()]  Gain set to -1.0
[15-Aug-23 19:17:33 - INFO - camera.py:202 - setExposure()]  Exposure set to -1.0
[15-Aug-23 19:17:34 - INFO - init.py:14 - <module>()]  ----------- Starting Up -----------
[15-Aug-23 19:17:34 - INFO - state.py:150 - setIP()]  Attempting to set static IP
[15-Aug-23 19:17:34 - INFO - state.py:161 - setIP()]  Static IP set: 10.27.67.10
[15-Aug-23 19:17:35 - INFO - camera.py:38 - __init__()]  Platform is linux
[15-Aug-23 19:17:35 - INFO - camera.py:53 - __init__()]  Camera found: platform-fc800000.usb-usb-0:1:1.0-video-index0
[15-Aug-23 19:17:35 - INFO - camera.py:78 - __init__()]  Supported resolutions: [(160, 120), (176, 144), (320, 240), (352, 288), (416, 240), (424, 240), (640, 360), (640, 480), (800, 448), (800, 600), (960, 544), (1280, 720), (1280, 800)]
[15-Aug-23 19:17:36 - WARNING - camera.py:86 - __init__()]  Failed to disable auto exposure for platform-fc800000.usb-usb-0:1:1.0-video-index0
[15-Aug-23 19:17:36 - INFO - camera.py:99 - __init__()]  Config found!
[15-Aug-23 19:17:36 - ERROR - camera.py:154 - setResolution()]  Failed to set resolution to [640, 480] for platform-fc800000.usb-usb-0:1:1.0-video-index0
[15-Aug-23 19:17:36 - INFO - camera.py:181 - setGain()]  Gain set to -1.0
[15-Aug-23 19:17:36 - INFO - camera.py:202 - setExposure()]  Exposure set to -1.0
[15-Aug-23 19:17:37 - INFO - init.py:14 - <module>()]  ----------- Starting Up -----------
[15-Aug-23 19:17:37 - INFO - state.py:150 - setIP()]  Attempting to set static IP
[15-Aug-23 19:17:37 - INFO - state.py:161 - setIP()]  Static IP set: 10.27.67.10
[15-Aug-23 19:17:38 - INFO - camera.py:38 - __init__()]  Platform is linux
[15-Aug-23 19:17:38 - INFO - camera.py:53 - __init__()]  Camera found: platform-fc800000.usb-usb-0:1:1.0-video-index0
[15-Aug-23 19:17:38 - INFO - camera.py:78 - __init__()]  Supported resolutions: [(160, 120), (176, 144), (320, 240), (352, 288), (416, 240), (424, 240), (640, 360), (640, 480), (800, 448), (800, 600), (960, 544), (1280, 720), (1280, 800)]
[15-Aug-23 19:17:38 - WARNING - camera.py:86 - __init__()]  Failed to disable auto exposure for platform-fc800000.usb-usb-0:1:1.0-video-index0
[15-Aug-23 19:17:38 - INFO - camera.py:99 - __init__()]  Config found!
[15-Aug-23 19:17:38 - ERROR - camera.py:154 - setResolution()]  Failed to set resolution to [640, 480] for platform-fc800000.usb-usb-0:1:1.0-video-index0
[15-Aug-23 19:17:38 - INFO - camera.py:181 - setGain()]  Gain set to -1.0
[15-Aug-23 19:17:38 - INFO - camera.py:202 - setExposure()]  Exposure set to -1.0
[15-Aug-23 19:17:40 - INFO - init.py:14 - <module>()]  ----------- Starting Up -----------
[15-Aug-23 19:17:40 - INFO - state.py:150 - setIP()]  Attempting to set static IP
[15-Aug-23 19:17:40 - INFO - state.py:161 - setIP()]  Static IP set: 10.27.67.10
[15-Aug-23 19:17:41 - INFO - camera.py:38 - __init__()]  Platform is linux
[15-Aug-23 19:17:41 - INFO - camera.py:53 - __init__()]  Camera found: platform-fc800000.usb-usb-0:1:1.0-video-index0
[15-Aug-23 19:17:41 - INFO - camera.py:78 - __init__()]  Supported resolutions: [(160, 120), (176, 144), (320, 240), (352, 288), (416, 240), (424, 240), (640, 360), (640, 480), (800, 448), (800, 600), (960, 544), (1280, 720), (1280, 800)]
[15-Aug-23 19:17:41 - WARNING - camera.py:86 - __init__()]  Failed to disable auto exposure for platform-fc800000.usb-usb-0:1:1.0-video-index0
[15-Aug-23 19:17:41 - INFO - camera.py:99 - __init__()]  Config found!
[15-Aug-23 19:17:41 - ERROR - camera.py:154 - setResolution()]  Failed to set resolution to [640, 480] for platform-fc800000.usb-usb-0:1:1.0-video-index0
[15-Aug-23 19:17:41 - INFO - camera.py:181 - setGain()]  Gain set to -1.0
[15-Aug-23 19:17:41 - INFO - camera.py:202 - setExposure()]  Exposure set to -1.0
[15-Aug-23 19:17:43 - INFO - init.py:14 - <module>()]  ----------- Starting Up -----------
[15-Aug-23 19:17:43 - INFO - state.py:150 - setIP()]  Attempting to set static IP
[15-Aug-23 19:17:43 - INFO - state.py:161 - setIP()]  Static IP set: 10.27.67.10
[15-Aug-23 19:17:43 - INFO - camera.py:38 - __init__()]  Platform is linux
[15-Aug-23 19:17:43 - INFO - camera.py:53 - __init__()]  Camera found: platform-fc800000.usb-usb-0:1:1.0-video-index0
[15-Aug-23 19:17:43 - INFO - camera.py:78 - __init__()]  Supported resolutions: [(160, 120), (176, 144), (320, 240), (352, 288), (416, 240), (424, 240), (640, 360), (640, 480), (800, 448), (800, 600), (960, 544), (1280, 720), (1280, 800)]
[15-Aug-23 19:17:44 - WARNING - camera.py:86 - __init__()]  Failed to disable auto exposure for platform-fc800000.usb-usb-0:1:1.0-video-index0
[15-Aug-23 19:17:44 - INFO - camera.py:99 - __init__()]  Config found!
[15-Aug-23 19:17:44 - ERROR - camera.py:154 - setResolution()]  Failed to set resolution to [640, 480] for platform-fc800000.usb-usb-0:1:1.0-video-index0
[15-Aug-23 19:17:44 - INFO - camera.py:181 - setGain()]  Gain set to -1.0
[15-Aug-23 19:17:44 - INFO - camera.py:202 - setExposure()]  Exposure set to -1.0
[15-Aug-23 19:17:45 - INFO - init.py:14 - <module>()]  ----------- Starting Up -----------
[15-Aug-23 19:17:45 - INFO - state.py:150 - setIP()]  Attempting to set static IP
[15-Aug-23 19:17:45 - INFO - state.py:161 - setIP()]  Static IP set: 10.27.67.10
[15-Aug-23 19:17:46 - INFO - camera.py:38 - __init__()]  Platform is linux
[15-Aug-23 19:17:46 - INFO - camera.py:53 - __init__()]  Camera found: platform-fc800000.usb-usb-0:1:1.0-video-index0
[15-Aug-23 19:17:46 - INFO - camera.py:78 - __init__()]  Supported resolutions: [(160, 120), (176, 144), (320, 240), (352, 288), (416, 240), (424, 240), (640, 360), (640, 480), (800, 448), (800, 600), (960, 544), (1280, 720), (1280, 800)]
[15-Aug-23 19:17:47 - WARNING - camera.py:86 - __init__()]  Failed to disable auto exposure for platform-fc800000.usb-usb-0:1:1.0-video-index0
[15-Aug-23 19:17:47 - INFO - camera.py:99 - __init__()]  Config found!
[15-Aug-23 19:17:47 - ERROR - camera.py:154 - setResolution()]  Failed to set resolution to [640, 480] for platform-fc800000.usb-usb-0:1:1.0-video-index0
[15-Aug-23 19:17:47 - INFO - camera.py:181 - setGain()]  Gain set to -1.0
[15-Aug-23 19:17:47 - INFO - camera.py:202 - setExposure()]  Exposure set to -1.0
[15-Aug-23 19:17:48 - INFO - init.py:14 - <module>()]  ----------- Starting Up -----------
[15-Aug-23 19:17:48 - INFO - state.py:150 - setIP()]  Attempting to set static IP
[15-Aug-23 19:17:48 - INFO - state.py:161 - setIP()]  Static IP set: 10.27.67.10
[15-Aug-23 19:17:49 - INFO - camera.py:38 - __init__()]  Platform is linux
[15-Aug-23 19:17:49 - INFO - camera.py:53 - __init__()]  Camera found: platform-fc800000.usb-usb-0:1:1.0-video-index0
[15-Aug-23 19:17:49 - INFO - camera.py:78 - __init__()]  Supported resolutions: [(160, 120), (176, 144), (320, 240), (352, 288), (416, 240), (424, 240), (640, 360), (640, 480), (800, 448), (800, 600), (960, 544), (1280, 720), (1280, 800)]
[15-Aug-23 19:17:49 - WARNING - camera.py:86 - __init__()]  Failed to disable auto exposure for platform-fc800000.usb-usb-0:1:1.0-video-index0
[15-Aug-23 19:17:49 - INFO - camera.py:99 - __init__()]  Config found!
[15-Aug-23 19:17:49 - ERROR - camera.py:154 - setResolution()]  Failed to set resolution to [640, 480] for platform-fc800000.usb-usb-0:1:1.0-video-index0
[15-Aug-23 19:17:49 - INFO - camera.py:181 - setGain()]  Gain set to -1.0
[15-Aug-23 19:17:49 - INFO - camera.py:202 - setExposure()]  Exposure set to -1.0
[15-Aug-23 19:17:51 - INFO - init.py:14 - <module>()]  ----------- Starting Up -----------
[15-Aug-23 19:17:51 - INFO - state.py:150 - setIP()]  Attempting to set static IP
[15-Aug-23 19:17:51 - INFO - state.py:161 - setIP()]  Static IP set: 10.27.67.10
[15-Aug-23 19:17:51 - INFO - camera.py:38 - __init__()]  Platform is linux
[15-Aug-23 19:17:51 - INFO - camera.py:53 - __init__()]  Camera found: platform-fc800000.usb-usb-0:1:1.0-video-index0
[15-Aug-23 19:17:51 - INFO - camera.py:78 - __init__()]  Supported resolutions: [(160, 120), (176, 144), (320, 240), (352, 288), (416, 240), (424, 240), (640, 360), (640, 480), (800, 448), (800, 600), (960, 544), (1280, 720), (1280, 800)]
[15-Aug-23 19:17:52 - WARNING - camera.py:86 - __init__()]  Failed to disable auto exposure for platform-fc800000.usb-usb-0:1:1.0-video-index0
[15-Aug-23 19:17:52 - INFO - camera.py:99 - __init__()]  Config found!
[15-Aug-23 19:17:52 - ERROR - camera.py:154 - setResolution()]  Failed to set resolution to [640, 480] for platform-fc800000.usb-usb-0:1:1.0-video-index0
[15-Aug-23 19:17:52 - INFO - camera.py:181 - setGain()]  Gain set to -1.0
[15-Aug-23 19:17:52 - INFO - camera.py:202 - setExposure()]  Exposure set to -1.0
[15-Aug-23 19:17:53 - INFO - image_streams.py:43 - __init__()]  Tag layout loaded
[15-Aug-23 19:18:02 - INFO - init.py:44 - <module>()]  Web server ready
[15-Aug-23 19:18:02 - INFO - Processing.py:15 - __init__()]  Tag layout loaded
[15-Aug-23 19:18:02 - INFO - NetworkClient.cpp:141 - None()]  starting network client
[15-Aug-23 19:18:02 - INFO - state.py:117 - makePublisher()]  Robot publisher created: 2767 - Walleye
[15-Aug-23 19:18:02 - INFO - init.py:53 - <module>()]  Starting main loop
[15-Aug-23 19:18:02 - ERROR - image_streams.py:21 - update()]  Updated image is None - Skipping
[15-Aug-23 19:18:07 - INFO - web_interface.py:42 - connect()]  Client connected
[15-Aug-23 19:20:28 - INFO - init.py:14 - <module>()]  ----------- Starting Up -----------
[15-Aug-23 19:20:28 - INFO - state.py:150 - setIP()]  Attempting to set static IP
[15-Aug-23 19:20:29 - INFO - state.py:161 - setIP()]  Static IP set: 10.27.67.10
[15-Aug-23 19:20:29 - INFO - camera.py:38 - __init__()]  Platform is linux
[15-Aug-23 19:20:30 - INFO - camera.py:53 - __init__()]  Camera found: platform-fc800000.usb-usb-0:1:1.0-video-index0
[15-Aug-23 19:20:30 - INFO - camera.py:78 - __init__()]  Supported resolutions: [(160, 120), (176, 144), (320, 240), (352, 288), (416, 240), (424, 240), (640, 360), (640, 480), (800, 448), (800, 600), (960, 544), (1280, 720), (1280, 800)]
[15-Aug-23 19:20:30 - WARNING - camera.py:86 - __init__()]  Failed to disable auto exposure for platform-fc800000.usb-usb-0:1:1.0-video-index0
[15-Aug-23 19:20:30 - INFO - camera.py:99 - __init__()]  Config found!
[15-Aug-23 19:20:30 - INFO - camera.py:150 - setResolution()]  TEST1
[15-Aug-23 19:20:30 - INFO - camera.py:152 - setResolution()]  TEST2
[15-Aug-23 19:20:30 - ERROR - camera.py:154 - setResolution()]  Failed to set resolution to [640, 480] for platform-fc800000.usb-usb-0:1:1.0-video-index0
[15-Aug-23 19:20:30 - INFO - camera.py:181 - setGain()]  Gain set to -1.0
[15-Aug-23 19:20:30 - INFO - camera.py:202 - setExposure()]  Exposure set to -1.0
[15-Aug-23 19:20:34 - INFO - image_streams.py:43 - __init__()]  Tag layout loaded
[15-Aug-23 19:20:44 - INFO - init.py:44 - <module>()]  Web server ready
[15-Aug-23 19:20:44 - INFO - Processing.py:15 - __init__()]  Tag layout loaded
[15-Aug-23 19:20:44 - INFO - NetworkClient.cpp:141 - None()]  starting network client
[15-Aug-23 19:20:44 - INFO - state.py:117 - makePublisher()]  Robot publisher created: 2767 - Walleye
[15-Aug-23 19:20:44 - INFO - init.py:53 - <module>()]  Starting main loop
[15-Aug-23 19:20:44 - ERROR - image_streams.py:21 - update()]  Updated image is None - Skipping
[15-Aug-23 19:20:44 - INFO - web_interface.py:42 - connect()]  Client connected
[15-Aug-23 19:20:52 - WARNING - web_interface.py:47 - disconnect()]  Client disconnected
[15-Aug-23 19:20:52 - INFO - web_interface.py:42 - connect()]  Client connected
[15-Aug-23 19:21:01 - ERROR - server.py:439 - handle_request()]  post request handler error
Traceback (most recent call last):
  File "/home/orangepi/.local/lib/python3.10/site-packages/engineio/server.py", line 430, in handle_request
    socket.handle_post_request(environ)
  File "/home/orangepi/.local/lib/python3.10/site-packages/engineio/socket.py", line 124, in handle_post_request
    p = payload.Payload(encoded_payload=body)
  File "/home/orangepi/.local/lib/python3.10/site-packages/engineio/payload.py", line 13, in __init__
    self.decode(encoded_payload)
  File "/home/orangepi/.local/lib/python3.10/site-packages/engineio/payload.py", line 44, in decode
    raise ValueError('Too many packets in payload')
ValueError: Too many packets in payload
[15-Aug-23 19:22:56 - INFO - init.py:14 - <module>()]  ----------- Starting Up -----------
[15-Aug-23 19:22:56 - INFO - state.py:138 - setIP()]  Attempting to set static IP
[15-Aug-23 19:22:56 - INFO - state.py:149 - setIP()]  Static IP set: 10.27.67.10
[15-Aug-23 19:22:57 - INFO - camera.py:38 - __init__()]  Platform is linux
[15-Aug-23 19:22:57 - INFO - camera.py:53 - __init__()]  Camera found: platform-fc800000.usb-usb-0:1:1.0-video-index0
[15-Aug-23 19:22:57 - INFO - camera.py:78 - __init__()]  Supported resolutions: [(160, 120), (176, 144), (320, 240), (352, 288), (416, 240), (424, 240), (640, 360), (640, 480), (800, 448), (800, 600), (960, 544), (1280, 720), (1280, 800)]
[15-Aug-23 19:22:57 - INFO - camera.py:84 - __init__()]  Auto exposure disabled for platform-fc800000.usb-usb-0:1:1.0-video-index0
[15-Aug-23 19:22:57 - INFO - camera.py:99 - __init__()]  Config found!
[15-Aug-23 19:22:57 - ERROR - camera.py:152 - setResolution()]  Failed to set resolution to [640, 480] for platform-fc800000.usb-usb-0:1:1.0-video-index0
[15-Aug-23 19:22:57 - INFO - camera.py:179 - setGain()]  Gain set to -1.0
[15-Aug-23 19:22:57 - WARNING - camera.py:197 - setExposure()]  Exposure not set: -1.0 not accepted
[15-Aug-23 19:22:59 - INFO - image_streams.py:43 - __init__()]  Tag layout loaded
[15-Aug-23 19:23:03 - INFO - init.py:44 - <module>()]  Web server ready
[15-Aug-23 19:23:03 - INFO - Processing.py:15 - __init__()]  Tag layout loaded
[15-Aug-23 19:23:03 - INFO - NetworkClient.cpp:141 - None()]  starting network client
[15-Aug-23 19:23:03 - INFO - state.py:105 - makePublisher()]  Robot publisher created: 2767 - Walleye
[15-Aug-23 19:23:03 - INFO - init.py:53 - <module>()]  Starting main loop
[15-Aug-23 19:23:05 - INFO - web_interface.py:41 - connect()]  Client connected
[15-Aug-23 19:23:09 - WARNING - web_interface.py:46 - disconnect()]  Client disconnected
[15-Aug-23 19:23:09 - INFO - web_interface.py:41 - connect()]  Client connected
[15-Aug-23 19:26:48 - INFO - init.py:14 - <module>()]  ----------- Starting Up -----------
[15-Aug-23 19:26:48 - INFO - state.py:138 - setIP()]  Attempting to set static IP
[15-Aug-23 19:26:48 - INFO - state.py:149 - setIP()]  Static IP set: 10.27.67.10
[15-Aug-23 19:26:49 - INFO - camera.py:38 - __init__()]  Platform is linux
[15-Aug-23 19:26:50 - INFO - init.py:14 - <module>()]  ----------- Starting Up -----------
[15-Aug-23 19:26:50 - INFO - state.py:138 - setIP()]  Attempting to set static IP
[15-Aug-23 19:26:51 - INFO - state.py:149 - setIP()]  Static IP set: 10.27.67.10
[15-Aug-23 19:26:51 - INFO - camera.py:38 - __init__()]  Platform is linux
[15-Aug-23 19:26:53 - INFO - init.py:14 - <module>()]  ----------- Starting Up -----------
[15-Aug-23 19:26:53 - INFO - state.py:138 - setIP()]  Attempting to set static IP
[15-Aug-23 19:26:53 - INFO - state.py:149 - setIP()]  Static IP set: 10.27.67.10
[15-Aug-23 19:26:53 - INFO - camera.py:38 - __init__()]  Platform is linux
[15-Aug-23 19:26:54 - INFO - init.py:14 - <module>()]  ----------- Starting Up -----------
[15-Aug-23 19:26:55 - INFO - state.py:138 - setIP()]  Attempting to set static IP
[15-Aug-23 19:26:55 - INFO - state.py:149 - setIP()]  Static IP set: 10.27.67.10
[15-Aug-23 19:26:55 - INFO - camera.py:38 - __init__()]  Platform is linux
[15-Aug-23 19:26:56 - INFO - init.py:14 - <module>()]  ----------- Starting Up -----------
[15-Aug-23 19:26:57 - INFO - state.py:138 - setIP()]  Attempting to set static IP
[15-Aug-23 19:26:57 - INFO - state.py:149 - setIP()]  Static IP set: 10.27.67.10
[15-Aug-23 19:26:57 - INFO - camera.py:38 - __init__()]  Platform is linux
[15-Aug-23 19:26:58 - INFO - init.py:14 - <module>()]  ----------- Starting Up -----------
[15-Aug-23 19:26:59 - INFO - state.py:138 - setIP()]  Attempting to set static IP
[15-Aug-23 19:26:59 - INFO - state.py:149 - setIP()]  Static IP set: 10.27.67.10
[15-Aug-23 19:26:59 - INFO - camera.py:38 - __init__()]  Platform is linux
[15-Aug-23 19:27:01 - INFO - init.py:14 - <module>()]  ----------- Starting Up -----------
[15-Aug-23 19:27:01 - INFO - state.py:138 - setIP()]  Attempting to set static IP
[15-Aug-23 19:27:01 - INFO - state.py:149 - setIP()]  Static IP set: 10.27.67.10
[15-Aug-23 19:27:01 - INFO - camera.py:38 - __init__()]  Platform is linux
[15-Aug-23 19:27:02 - INFO - init.py:14 - <module>()]  ----------- Starting Up -----------
[15-Aug-23 19:27:03 - INFO - state.py:138 - setIP()]  Attempting to set static IP
[15-Aug-23 19:27:03 - INFO - state.py:149 - setIP()]  Static IP set: 10.27.67.10
[15-Aug-23 19:27:03 - INFO - camera.py:38 - __init__()]  Platform is linux
[15-Aug-23 19:27:04 - INFO - init.py:14 - <module>()]  ----------- Starting Up -----------
[15-Aug-23 19:27:05 - INFO - state.py:138 - setIP()]  Attempting to set static IP
[15-Aug-23 19:27:05 - INFO - state.py:149 - setIP()]  Static IP set: 10.27.67.10
[15-Aug-23 19:27:05 - INFO - camera.py:38 - __init__()]  Platform is linux
[15-Aug-23 19:27:07 - INFO - init.py:14 - <module>()]  ----------- Starting Up -----------
[15-Aug-23 19:27:07 - INFO - state.py:138 - setIP()]  Attempting to set static IP
[15-Aug-23 19:27:07 - INFO - state.py:149 - setIP()]  Static IP set: 10.27.67.10
[15-Aug-23 19:27:08 - INFO - camera.py:38 - __init__()]  Platform is linux
[15-Aug-23 19:27:09 - INFO - init.py:14 - <module>()]  ----------- Starting Up -----------
[15-Aug-23 19:27:09 - INFO - state.py:138 - setIP()]  Attempting to set static IP
[15-Aug-23 19:27:09 - INFO - state.py:149 - setIP()]  Static IP set: 10.27.67.10
[15-Aug-23 19:27:09 - INFO - camera.py:38 - __init__()]  Platform is linux
[15-Aug-23 19:27:11 - INFO - init.py:14 - <module>()]  ----------- Starting Up -----------
[15-Aug-23 19:27:11 - INFO - state.py:138 - setIP()]  Attempting to set static IP
[15-Aug-23 19:27:11 - INFO - state.py:149 - setIP()]  Static IP set: 10.27.67.10
[15-Aug-23 19:27:11 - INFO - camera.py:38 - __init__()]  Platform is linux
[15-Aug-23 19:27:13 - INFO - init.py:14 - <module>()]  ----------- Starting Up -----------
[15-Aug-23 19:27:13 - INFO - state.py:138 - setIP()]  Attempting to set static IP
[15-Aug-23 19:27:13 - INFO - state.py:149 - setIP()]  Static IP set: 10.27.67.10
[15-Aug-23 19:27:13 - INFO - camera.py:38 - __init__()]  Platform is linux
[15-Aug-23 19:27:15 - INFO - init.py:14 - <module>()]  ----------- Starting Up -----------
[15-Aug-23 19:27:15 - INFO - state.py:138 - setIP()]  Attempting to set static IP
[15-Aug-23 19:27:15 - INFO - state.py:149 - setIP()]  Static IP set: 10.27.67.10
[15-Aug-23 19:27:15 - INFO - camera.py:38 - __init__()]  Platform is linux
[15-Aug-23 19:27:17 - INFO - init.py:14 - <module>()]  ----------- Starting Up -----------
[15-Aug-23 19:27:17 - INFO - state.py:138 - setIP()]  Attempting to set static IP
[15-Aug-23 19:27:17 - INFO - state.py:149 - setIP()]  Static IP set: 10.27.67.10
[15-Aug-23 19:27:17 - INFO - camera.py:38 - __init__()]  Platform is linux
[15-Aug-23 19:27:19 - INFO - init.py:14 - <module>()]  ----------- Starting Up -----------
[15-Aug-23 19:27:19 - INFO - state.py:138 - setIP()]  Attempting to set static IP
[15-Aug-23 19:27:19 - INFO - state.py:149 - setIP()]  Static IP set: 10.27.67.10
[15-Aug-23 19:27:20 - INFO - camera.py:38 - __init__()]  Platform is linux
[15-Aug-23 19:27:21 - INFO - init.py:14 - <module>()]  ----------- Starting Up -----------
[15-Aug-23 19:27:21 - INFO - state.py:138 - setIP()]  Attempting to set static IP
[15-Aug-23 19:27:21 - INFO - state.py:149 - setIP()]  Static IP set: 10.27.67.10
[15-Aug-23 19:27:22 - INFO - camera.py:38 - __init__()]  Platform is linux
[15-Aug-23 19:27:23 - INFO - init.py:14 - <module>()]  ----------- Starting Up -----------
[15-Aug-23 19:27:23 - INFO - state.py:138 - setIP()]  Attempting to set static IP
[15-Aug-23 19:27:23 - INFO - state.py:149 - setIP()]  Static IP set: 10.27.67.10
[15-Aug-23 19:27:24 - INFO - camera.py:38 - __init__()]  Platform is linux
[15-Aug-23 19:27:25 - INFO - init.py:14 - <module>()]  ----------- Starting Up -----------
[15-Aug-23 19:27:25 - INFO - state.py:138 - setIP()]  Attempting to set static IP
[15-Aug-23 19:27:25 - INFO - state.py:149 - setIP()]  Static IP set: 10.27.67.10
[15-Aug-23 19:27:26 - INFO - camera.py:38 - __init__()]  Platform is linux
[15-Aug-23 19:27:26 - INFO - init.py:14 - <module>()]  ----------- Starting Up -----------
[15-Aug-23 19:27:27 - INFO - state.py:138 - setIP()]  Attempting to set static IP
[15-Aug-23 19:27:27 - INFO - state.py:149 - setIP()]  Static IP set: 10.27.67.10
[15-Aug-23 19:27:27 - INFO - camera.py:38 - __init__()]  Platform is linux
[15-Aug-23 19:27:29 - INFO - init.py:14 - <module>()]  ----------- Starting Up -----------
[15-Aug-23 19:27:29 - INFO - state.py:138 - setIP()]  Attempting to set static IP
[15-Aug-23 19:27:29 - INFO - state.py:149 - setIP()]  Static IP set: 10.27.67.10
[15-Aug-23 19:27:29 - INFO - camera.py:38 - __init__()]  Platform is linux
[15-Aug-23 19:27:31 - INFO - init.py:14 - <module>()]  ----------- Starting Up -----------
[15-Aug-23 19:27:31 - INFO - state.py:138 - setIP()]  Attempting to set static IP
[15-Aug-23 19:27:31 - INFO - state.py:149 - setIP()]  Static IP set: 10.27.67.10
[15-Aug-23 19:27:31 - INFO - camera.py:38 - __init__()]  Platform is linux
[15-Aug-23 19:27:33 - INFO - init.py:14 - <module>()]  ----------- Starting Up -----------
[15-Aug-23 19:27:33 - INFO - state.py:138 - setIP()]  Attempting to set static IP
[15-Aug-23 19:27:33 - INFO - state.py:149 - setIP()]  Static IP set: 10.27.67.10
[15-Aug-23 19:27:34 - INFO - camera.py:38 - __init__()]  Platform is linux
[15-Aug-23 19:27:35 - INFO - init.py:14 - <module>()]  ----------- Starting Up -----------
[15-Aug-23 19:27:35 - INFO - state.py:138 - setIP()]  Attempting to set static IP
[15-Aug-23 19:27:35 - INFO - state.py:149 - setIP()]  Static IP set: 10.27.67.10
[15-Aug-23 19:27:36 - INFO - camera.py:38 - __init__()]  Platform is linux
[15-Aug-23 19:27:37 - INFO - init.py:14 - <module>()]  ----------- Starting Up -----------
[15-Aug-23 19:27:37 - INFO - state.py:138 - setIP()]  Attempting to set static IP
[15-Aug-23 19:27:37 - INFO - state.py:149 - setIP()]  Static IP set: 10.27.67.10
[15-Aug-23 19:27:38 - INFO - camera.py:38 - __init__()]  Platform is linux
[15-Aug-23 19:27:39 - INFO - init.py:14 - <module>()]  ----------- Starting Up -----------
[15-Aug-23 19:27:39 - INFO - state.py:138 - setIP()]  Attempting to set static IP
[15-Aug-23 19:27:39 - INFO - state.py:149 - setIP()]  Static IP set: 10.27.67.10
[15-Aug-23 19:27:40 - INFO - camera.py:38 - __init__()]  Platform is linux
[15-Aug-23 19:27:41 - INFO - init.py:14 - <module>()]  ----------- Starting Up -----------
[15-Aug-23 19:27:41 - INFO - state.py:138 - setIP()]  Attempting to set static IP
[15-Aug-23 19:27:41 - INFO - state.py:149 - setIP()]  Static IP set: 10.27.67.10
[15-Aug-23 19:27:42 - INFO - camera.py:38 - __init__()]  Platform is linux
[15-Aug-23 19:27:43 - INFO - init.py:14 - <module>()]  ----------- Starting Up -----------
[15-Aug-23 19:27:43 - INFO - state.py:138 - setIP()]  Attempting to set static IP
[15-Aug-23 19:27:43 - INFO - state.py:149 - setIP()]  Static IP set: 10.27.67.10
[15-Aug-23 19:27:44 - INFO - camera.py:38 - __init__()]  Platform is linux
[15-Aug-23 19:27:45 - INFO - init.py:14 - <module>()]  ----------- Starting Up -----------
[15-Aug-23 19:27:45 - INFO - state.py:138 - setIP()]  Attempting to set static IP
[15-Aug-23 19:27:45 - INFO - state.py:149 - setIP()]  Static IP set: 10.27.67.10
[15-Aug-23 19:27:46 - INFO - camera.py:38 - __init__()]  Platform is linux
[15-Aug-23 19:27:47 - INFO - init.py:14 - <module>()]  ----------- Starting Up -----------
[15-Aug-23 19:27:47 - INFO - state.py:138 - setIP()]  Attempting to set static IP
[15-Aug-23 19:27:47 - INFO - state.py:149 - setIP()]  Static IP set: 10.27.67.10
[15-Aug-23 19:27:48 - INFO - camera.py:38 - __init__()]  Platform is linux
[15-Aug-23 19:27:49 - INFO - init.py:14 - <module>()]  ----------- Starting Up -----------
[15-Aug-23 19:27:49 - INFO - state.py:138 - setIP()]  Attempting to set static IP
[15-Aug-23 19:27:49 - INFO - state.py:149 - setIP()]  Static IP set: 10.27.67.10
[15-Aug-23 19:27:50 - INFO - camera.py:38 - __init__()]  Platform is linux
[15-Aug-23 19:27:51 - INFO - init.py:14 - <module>()]  ----------- Starting Up -----------
[15-Aug-23 19:27:51 - INFO - state.py:138 - setIP()]  Attempting to set static IP
[15-Aug-23 19:27:51 - INFO - state.py:149 - setIP()]  Static IP set: 10.27.67.10
[15-Aug-23 19:27:52 - INFO - camera.py:38 - __init__()]  Platform is linux
[15-Aug-23 19:27:54 - INFO - init.py:14 - <module>()]  ----------- Starting Up -----------
[15-Aug-23 19:27:54 - INFO - state.py:138 - setIP()]  Attempting to set static IP
[15-Aug-23 19:27:54 - INFO - state.py:149 - setIP()]  Static IP set: 10.27.67.10
[15-Aug-23 19:27:54 - INFO - camera.py:38 - __init__()]  Platform is linux
[15-Aug-23 19:27:56 - INFO - init.py:14 - <module>()]  ----------- Starting Up -----------
[15-Aug-23 19:27:56 - INFO - state.py:138 - setIP()]  Attempting to set static IP
[15-Aug-23 19:27:56 - INFO - state.py:149 - setIP()]  Static IP set: 10.27.67.10
[15-Aug-23 19:27:56 - INFO - camera.py:38 - __init__()]  Platform is linux
[15-Aug-23 19:27:58 - INFO - init.py:14 - <module>()]  ----------- Starting Up -----------
[15-Aug-23 19:27:58 - INFO - state.py:138 - setIP()]  Attempting to set static IP
[15-Aug-23 19:27:58 - INFO - state.py:149 - setIP()]  Static IP set: 10.27.67.10
[15-Aug-23 19:27:59 - INFO - camera.py:38 - __init__()]  Platform is linux
[15-Aug-23 19:28:00 - INFO - init.py:14 - <module>()]  ----------- Starting Up -----------
[15-Aug-23 19:28:00 - INFO - state.py:138 - setIP()]  Attempting to set static IP
[15-Aug-23 19:28:00 - INFO - state.py:149 - setIP()]  Static IP set: 10.27.67.10
[15-Aug-23 19:28:01 - INFO - camera.py:38 - __init__()]  Platform is linux
[15-Aug-23 19:28:02 - INFO - init.py:14 - <module>()]  ----------- Starting Up -----------
[15-Aug-23 19:28:02 - INFO - state.py:138 - setIP()]  Attempting to set static IP
[15-Aug-23 19:28:02 - INFO - state.py:149 - setIP()]  Static IP set: 10.27.67.10
[15-Aug-23 19:28:03 - INFO - camera.py:38 - __init__()]  Platform is linux
[15-Aug-23 19:28:04 - INFO - init.py:14 - <module>()]  ----------- Starting Up -----------
[15-Aug-23 19:28:04 - INFO - state.py:138 - setIP()]  Attempting to set static IP
[15-Aug-23 19:28:04 - INFO - state.py:149 - setIP()]  Static IP set: 10.27.67.10
[15-Aug-23 19:28:05 - INFO - camera.py:38 - __init__()]  Platform is linux
[15-Aug-23 19:28:06 - INFO - init.py:14 - <module>()]  ----------- Starting Up -----------
[15-Aug-23 19:28:06 - INFO - state.py:138 - setIP()]  Attempting to set static IP
[15-Aug-23 19:28:06 - INFO - state.py:149 - setIP()]  Static IP set: 10.27.67.10
[15-Aug-23 19:28:07 - INFO - camera.py:38 - __init__()]  Platform is linux
[15-Aug-23 19:28:08 - INFO - init.py:14 - <module>()]  ----------- Starting Up -----------
[15-Aug-23 19:28:08 - INFO - state.py:138 - setIP()]  Attempting to set static IP
[15-Aug-23 19:28:08 - INFO - state.py:149 - setIP()]  Static IP set: 10.27.67.10
[15-Aug-23 19:28:09 - INFO - camera.py:38 - __init__()]  Platform is linux
[15-Aug-23 19:28:10 - INFO - init.py:14 - <module>()]  ----------- Starting Up -----------
[15-Aug-23 19:28:10 - INFO - state.py:138 - setIP()]  Attempting to set static IP
[15-Aug-23 19:28:10 - INFO - state.py:149 - setIP()]  Static IP set: 10.27.67.10
[15-Aug-23 19:28:11 - INFO - camera.py:38 - __init__()]  Platform is linux
[15-Aug-23 19:28:12 - INFO - init.py:14 - <module>()]  ----------- Starting Up -----------
[15-Aug-23 19:28:12 - INFO - state.py:138 - setIP()]  Attempting to set static IP
[15-Aug-23 19:28:12 - INFO - state.py:149 - setIP()]  Static IP set: 10.27.67.10
[15-Aug-23 19:28:13 - INFO - camera.py:38 - __init__()]  Platform is linux
[15-Aug-23 19:28:14 - INFO - init.py:14 - <module>()]  ----------- Starting Up -----------
[15-Aug-23 19:28:14 - INFO - state.py:138 - setIP()]  Attempting to set static IP
[15-Aug-23 19:28:14 - INFO - state.py:149 - setIP()]  Static IP set: 10.27.67.10
[15-Aug-23 19:28:15 - INFO - camera.py:38 - __init__()]  Platform is linux
[15-Aug-23 19:28:16 - INFO - init.py:14 - <module>()]  ----------- Starting Up -----------
[15-Aug-23 19:28:16 - INFO - state.py:138 - setIP()]  Attempting to set static IP
[15-Aug-23 19:28:16 - INFO - state.py:149 - setIP()]  Static IP set: 10.27.67.10
[15-Aug-23 19:28:17 - INFO - camera.py:38 - __init__()]  Platform is linux
[15-Aug-23 19:28:18 - INFO - init.py:14 - <module>()]  ----------- Starting Up -----------
[15-Aug-23 19:28:18 - INFO - state.py:138 - setIP()]  Attempting to set static IP
[15-Aug-23 19:28:18 - INFO - state.py:149 - setIP()]  Static IP set: 10.27.67.10
[15-Aug-23 19:28:19 - INFO - camera.py:38 - __init__()]  Platform is linux
[15-Aug-23 19:28:20 - INFO - init.py:14 - <module>()]  ----------- Starting Up -----------
[15-Aug-23 19:28:20 - INFO - state.py:138 - setIP()]  Attempting to set static IP
[15-Aug-23 19:28:20 - INFO - state.py:149 - setIP()]  Static IP set: 10.27.67.10
[15-Aug-23 19:28:21 - INFO - camera.py:38 - __init__()]  Platform is linux
[15-Aug-23 19:28:22 - INFO - init.py:14 - <module>()]  ----------- Starting Up -----------
[15-Aug-23 19:28:22 - INFO - state.py:138 - setIP()]  Attempting to set static IP
[15-Aug-23 19:28:22 - INFO - state.py:149 - setIP()]  Static IP set: 10.27.67.10
[15-Aug-23 19:28:23 - INFO - camera.py:38 - __init__()]  Platform is linux
[15-Aug-23 19:28:23 - INFO - camera.py:53 - __init__()]  Camera found: platform-fc800000.usb-usb-0:1:1.0-video-index0
[15-Aug-23 19:28:23 - INFO - camera.py:78 - __init__()]  Supported resolutions: [(160, 120), (176, 144), (320, 240), (352, 288), (416, 240), (424, 240), (640, 360), (640, 480), (800, 448), (800, 600), (960, 544), (1280, 720), (1280, 800)]
[15-Aug-23 19:28:23 - INFO - camera.py:84 - __init__()]  Auto exposure disabled for platform-fc800000.usb-usb-0:1:1.0-video-index0
[15-Aug-23 19:28:23 - INFO - camera.py:99 - __init__()]  Config found!
[15-Aug-23 19:28:23 - ERROR - camera.py:152 - setResolution()]  Failed to set resolution to [640, 480] for platform-fc800000.usb-usb-0:1:1.0-video-index0
[15-Aug-23 19:28:23 - INFO - camera.py:179 - setGain()]  Gain set to -1.0
[15-Aug-23 19:28:23 - INFO - camera.py:200 - setExposure()]  Exposure set to 20000.0
[15-Aug-23 19:28:24 - INFO - image_streams.py:43 - __init__()]  Tag layout loaded
[15-Aug-23 19:28:27 - INFO - init.py:44 - <module>()]  Web server ready
[15-Aug-23 19:28:27 - INFO - Processing.py:15 - __init__()]  Tag layout loaded
[15-Aug-23 19:28:27 - INFO - NetworkClient.cpp:141 - None()]  starting network client
[15-Aug-23 19:28:27 - INFO - state.py:105 - makePublisher()]  Robot publisher created: 2767 - Walleye
[15-Aug-23 19:28:27 - INFO - init.py:53 - <module>()]  Starting main loop
[15-Aug-23 19:28:31 - INFO - web_interface.py:41 - connect()]  Client connected
[15-Aug-23 19:28:38 - INFO - init.py:14 - <module>()]  ----------- Starting Up -----------
[15-Aug-23 19:28:38 - INFO - state.py:138 - setIP()]  Attempting to set static IP
[15-Aug-23 19:28:38 - INFO - state.py:149 - setIP()]  Static IP set: 10.27.67.10
[15-Aug-23 19:28:39 - INFO - camera.py:38 - __init__()]  Platform is linux
[15-Aug-23 19:28:39 - INFO - camera.py:53 - __init__()]  Camera found: platform-fc800000.usb-usb-0:1:1.0-video-index0
[15-Aug-23 19:28:39 - INFO - camera.py:78 - __init__()]  Supported resolutions: [(160, 120), (176, 144), (320, 240), (352, 288), (416, 240), (424, 240), (640, 360), (640, 480), (800, 448), (800, 600), (960, 544), (1280, 720), (1280, 800)]
[15-Aug-23 19:28:39 - WARNING - camera.py:86 - __init__()]  Failed to disable auto exposure for platform-fc800000.usb-usb-0:1:1.0-video-index0
[15-Aug-23 19:28:39 - INFO - camera.py:99 - __init__()]  Config found!
[15-Aug-23 19:28:39 - ERROR - camera.py:152 - setResolution()]  Failed to set resolution to [640, 480] for platform-fc800000.usb-usb-0:1:1.0-video-index0
[15-Aug-23 19:28:39 - INFO - camera.py:179 - setGain()]  Gain set to -1.0
[15-Aug-23 19:28:39 - WARNING - camera.py:197 - setExposure()]  Exposure not set: 20000.0 not accepted
[15-Aug-23 19:28:40 - INFO - image_streams.py:43 - __init__()]  Tag layout loaded
[15-Aug-23 19:28:44 - INFO - init.py:44 - <module>()]  Web server ready
[15-Aug-23 19:28:44 - INFO - Processing.py:15 - __init__()]  Tag layout loaded
[15-Aug-23 19:28:44 - INFO - NetworkClient.cpp:141 - None()]  starting network client
[15-Aug-23 19:28:44 - INFO - state.py:105 - makePublisher()]  Robot publisher created: 2767 - Walleye
[15-Aug-23 19:28:44 - INFO - init.py:53 - <module>()]  Starting main loop
[15-Aug-23 19:28:48 - INFO - web_interface.py:41 - connect()]  Client connected
[15-Aug-23 19:28:50 - WARNING - web_interface.py:46 - disconnect()]  Client disconnected
[15-Aug-23 19:28:51 - INFO - web_interface.py:41 - connect()]  Client connected
[15-Aug-23 19:30:31 - INFO - init.py:14 - <module>()]  ----------- Starting Up -----------
[15-Aug-23 19:30:31 - INFO - state.py:138 - setIP()]  Attempting to set static IP
[15-Aug-23 19:30:31 - INFO - state.py:149 - setIP()]  Static IP set: 10.27.67.10
[15-Aug-23 19:30:32 - INFO - camera.py:38 - __init__()]  Platform is linux
[15-Aug-23 19:30:32 - INFO - camera.py:53 - __init__()]  Camera found: platform-fc800000.usb-usb-0:1:1.0-video-index0
[15-Aug-23 19:30:32 - INFO - camera.py:78 - __init__()]  Supported resolutions: [(160, 120), (176, 144), (320, 240), (352, 288), (416, 240), (424, 240), (640, 360), (640, 480), (800, 448), (800, 600), (960, 544), (1280, 720), (1280, 800)]
[15-Aug-23 19:30:33 - WARNING - camera.py:86 - __init__()]  Failed to disable auto exposure for platform-fc800000.usb-usb-0:1:1.0-video-index0
[15-Aug-23 19:30:33 - INFO - camera.py:99 - __init__()]  Config found!
[15-Aug-23 19:30:33 - ERROR - camera.py:152 - setResolution()]  Failed to set resolution to [640, 480] for platform-fc800000.usb-usb-0:1:1.0-video-index0
[15-Aug-23 19:30:33 - INFO - camera.py:179 - setGain()]  Gain set to -1.0
[15-Aug-23 19:30:33 - INFO - camera.py:200 - setExposure()]  Exposure set to -1.0
[15-Aug-23 19:30:34 - INFO - init.py:14 - <module>()]  ----------- Starting Up -----------
[15-Aug-23 19:30:34 - INFO - state.py:138 - setIP()]  Attempting to set static IP
[15-Aug-23 19:30:34 - INFO - state.py:149 - setIP()]  Static IP set: 10.27.67.10
[15-Aug-23 19:30:35 - INFO - camera.py:38 - __init__()]  Platform is linux
[15-Aug-23 19:30:35 - INFO - camera.py:53 - __init__()]  Camera found: platform-fc800000.usb-usb-0:1:1.0-video-index0
[15-Aug-23 19:30:35 - INFO - camera.py:78 - __init__()]  Supported resolutions: [(160, 120), (176, 144), (320, 240), (352, 288), (416, 240), (424, 240), (640, 360), (640, 480), (800, 448), (800, 600), (960, 544), (1280, 720), (1280, 800)]
[15-Aug-23 19:30:36 - WARNING - camera.py:86 - __init__()]  Failed to disable auto exposure for platform-fc800000.usb-usb-0:1:1.0-video-index0
[15-Aug-23 19:30:36 - INFO - camera.py:99 - __init__()]  Config found!
[15-Aug-23 19:30:36 - ERROR - camera.py:152 - setResolution()]  Failed to set resolution to [640, 480] for platform-fc800000.usb-usb-0:1:1.0-video-index0
[15-Aug-23 19:30:36 - INFO - camera.py:179 - setGain()]  Gain set to -1.0
[15-Aug-23 19:30:36 - INFO - camera.py:200 - setExposure()]  Exposure set to -1.0
[15-Aug-23 19:30:37 - INFO - init.py:14 - <module>()]  ----------- Starting Up -----------
[15-Aug-23 19:30:37 - INFO - state.py:138 - setIP()]  Attempting to set static IP
[15-Aug-23 19:30:37 - INFO - state.py:149 - setIP()]  Static IP set: 10.27.67.10
[15-Aug-23 19:30:37 - INFO - camera.py:38 - __init__()]  Platform is linux
[15-Aug-23 19:30:38 - INFO - camera.py:53 - __init__()]  Camera found: platform-fc800000.usb-usb-0:1:1.0-video-index0
[15-Aug-23 19:30:38 - INFO - camera.py:78 - __init__()]  Supported resolutions: [(160, 120), (176, 144), (320, 240), (352, 288), (416, 240), (424, 240), (640, 360), (640, 480), (800, 448), (800, 600), (960, 544), (1280, 720), (1280, 800)]
[15-Aug-23 19:30:38 - WARNING - camera.py:86 - __init__()]  Failed to disable auto exposure for platform-fc800000.usb-usb-0:1:1.0-video-index0
[15-Aug-23 19:30:38 - INFO - camera.py:99 - __init__()]  Config found!
[15-Aug-23 19:30:38 - ERROR - camera.py:152 - setResolution()]  Failed to set resolution to [640, 480] for platform-fc800000.usb-usb-0:1:1.0-video-index0
[15-Aug-23 19:30:38 - INFO - camera.py:179 - setGain()]  Gain set to -1.0
[15-Aug-23 19:30:38 - INFO - camera.py:200 - setExposure()]  Exposure set to -1.0
[15-Aug-23 19:30:39 - INFO - image_streams.py:43 - __init__()]  Tag layout loaded
[15-Aug-23 19:30:42 - INFO - init.py:44 - <module>()]  Web server ready
[15-Aug-23 19:30:42 - INFO - Processing.py:15 - __init__()]  Tag layout loaded
[15-Aug-23 19:30:42 - INFO - NetworkClient.cpp:141 - None()]  starting network client
[15-Aug-23 19:30:42 - INFO - state.py:105 - makePublisher()]  Robot publisher created: 2767 - Walleye
[15-Aug-23 19:30:42 - INFO - init.py:53 - <module>()]  Starting main loop
[15-Aug-23 19:30:42 - CRITICAL - init.py:159 - <module>()]  'Condition' object is not callable
Traceback (most recent call last):
  File "/home/orangepi/Desktop/wallEYE-main/init.py", line 119, in <module>
    images = walleyeData.cameras.getFrames()
  File "/home/orangepi/Desktop/wallEYE-main/Camera/camera.py", line 142, in getFrames
    _, img = camInfo.cam.read()
  File "/home/orangepi/Desktop/wallEYE-main/Camera/BufferlessVideoCapture.py", line 52, in read
    return self.q.not_empty(), self.q.get()
TypeError: 'Condition' object is not callable
[15-Aug-23 19:30:42 - INFO - init.py:160 - <module>()]  Shutting down
[15-Aug-23 19:30:44 - INFO - init.py:14 - <module>()]  ----------- Starting Up -----------
[15-Aug-23 19:30:44 - INFO - state.py:138 - setIP()]  Attempting to set static IP
[15-Aug-23 19:30:44 - INFO - state.py:149 - setIP()]  Static IP set: 10.27.67.10
[15-Aug-23 19:30:44 - INFO - camera.py:38 - __init__()]  Platform is linux
[15-Aug-23 19:30:44 - INFO - camera.py:53 - __init__()]  Camera found: platform-fc800000.usb-usb-0:1:1.0-video-index0
[15-Aug-23 19:30:44 - INFO - camera.py:78 - __init__()]  Supported resolutions: [(160, 120), (176, 144), (320, 240), (352, 288), (416, 240), (424, 240), (640, 360), (640, 480), (800, 448), (800, 600), (960, 544), (1280, 720), (1280, 800)]
[15-Aug-23 19:30:45 - WARNING - camera.py:86 - __init__()]  Failed to disable auto exposure for platform-fc800000.usb-usb-0:1:1.0-video-index0
[15-Aug-23 19:30:45 - INFO - camera.py:99 - __init__()]  Config found!
[15-Aug-23 19:30:45 - ERROR - camera.py:152 - setResolution()]  Failed to set resolution to [640, 480] for platform-fc800000.usb-usb-0:1:1.0-video-index0
[15-Aug-23 19:30:45 - INFO - camera.py:179 - setGain()]  Gain set to -1.0
[15-Aug-23 19:30:45 - INFO - camera.py:200 - setExposure()]  Exposure set to -1.0
[15-Aug-23 19:30:46 - INFO - image_streams.py:43 - __init__()]  Tag layout loaded
[15-Aug-23 19:30:50 - INFO - init.py:44 - <module>()]  Web server ready
[15-Aug-23 19:30:50 - INFO - Processing.py:15 - __init__()]  Tag layout loaded
[15-Aug-23 19:30:50 - INFO - NetworkClient.cpp:141 - None()]  starting network client
[15-Aug-23 19:30:50 - INFO - state.py:105 - makePublisher()]  Robot publisher created: 2767 - Walleye
[15-Aug-23 19:30:50 - INFO - init.py:53 - <module>()]  Starting main loop
[15-Aug-23 19:30:50 - CRITICAL - init.py:159 - <module>()]  'Condition' object is not callable
Traceback (most recent call last):
  File "/home/orangepi/Desktop/wallEYE-main/init.py", line 119, in <module>
    images = walleyeData.cameras.getFrames()
  File "/home/orangepi/Desktop/wallEYE-main/Camera/camera.py", line 142, in getFrames
    _, img = camInfo.cam.read()
  File "/home/orangepi/Desktop/wallEYE-main/Camera/BufferlessVideoCapture.py", line 52, in read
    return self.q.not_empty(), self.q.get()
TypeError: 'Condition' object is not callable
[15-Aug-23 19:30:50 - INFO - init.py:160 - <module>()]  Shutting down
[15-Aug-23 19:30:52 - INFO - init.py:14 - <module>()]  ----------- Starting Up -----------
[15-Aug-23 19:30:52 - INFO - state.py:138 - setIP()]  Attempting to set static IP
[15-Aug-23 19:30:52 - INFO - state.py:149 - setIP()]  Static IP set: 10.27.67.10
[15-Aug-23 19:30:53 - INFO - camera.py:38 - __init__()]  Platform is linux
[15-Aug-23 19:30:53 - INFO - camera.py:53 - __init__()]  Camera found: platform-fc800000.usb-usb-0:1:1.0-video-index0
[15-Aug-23 19:30:53 - INFO - camera.py:78 - __init__()]  Supported resolutions: [(160, 120), (176, 144), (320, 240), (352, 288), (416, 240), (424, 240), (640, 360), (640, 480), (800, 448), (800, 600), (960, 544), (1280, 720), (1280, 800)]
[15-Aug-23 19:30:53 - WARNING - camera.py:86 - __init__()]  Failed to disable auto exposure for platform-fc800000.usb-usb-0:1:1.0-video-index0
[15-Aug-23 19:30:53 - INFO - camera.py:99 - __init__()]  Config found!
[15-Aug-23 19:30:53 - ERROR - camera.py:152 - setResolution()]  Failed to set resolution to [640, 480] for platform-fc800000.usb-usb-0:1:1.0-video-index0
[15-Aug-23 19:30:53 - INFO - camera.py:179 - setGain()]  Gain set to -1.0
[15-Aug-23 19:30:53 - INFO - camera.py:200 - setExposure()]  Exposure set to -1.0
[15-Aug-23 19:30:55 - INFO - init.py:14 - <module>()]  ----------- Starting Up -----------
[15-Aug-23 19:30:55 - INFO - state.py:138 - setIP()]  Attempting to set static IP
[15-Aug-23 19:30:55 - INFO - state.py:149 - setIP()]  Static IP set: 10.27.67.10
[15-Aug-23 19:30:56 - INFO - camera.py:38 - __init__()]  Platform is linux
[15-Aug-23 19:30:56 - INFO - camera.py:53 - __init__()]  Camera found: platform-fc800000.usb-usb-0:1:1.0-video-index0
[15-Aug-23 19:30:56 - INFO - camera.py:78 - __init__()]  Supported resolutions: [(160, 120), (176, 144), (320, 240), (352, 288), (416, 240), (424, 240), (640, 360), (640, 480), (800, 448), (800, 600), (960, 544), (1280, 720), (1280, 800)]
[15-Aug-23 19:30:56 - WARNING - camera.py:86 - __init__()]  Failed to disable auto exposure for platform-fc800000.usb-usb-0:1:1.0-video-index0
[15-Aug-23 19:30:56 - INFO - camera.py:99 - __init__()]  Config found!
[15-Aug-23 19:30:56 - ERROR - camera.py:152 - setResolution()]  Failed to set resolution to [640, 480] for platform-fc800000.usb-usb-0:1:1.0-video-index0
[15-Aug-23 19:30:56 - INFO - camera.py:179 - setGain()]  Gain set to -1.0
[15-Aug-23 19:30:56 - INFO - camera.py:200 - setExposure()]  Exposure set to -1.0
[15-Aug-23 19:30:57 - INFO - init.py:14 - <module>()]  ----------- Starting Up -----------
[15-Aug-23 19:30:57 - INFO - state.py:138 - setIP()]  Attempting to set static IP
[15-Aug-23 19:30:57 - INFO - state.py:149 - setIP()]  Static IP set: 10.27.67.10
[15-Aug-23 19:30:58 - INFO - camera.py:38 - __init__()]  Platform is linux
[15-Aug-23 19:30:58 - INFO - camera.py:53 - __init__()]  Camera found: platform-fc800000.usb-usb-0:1:1.0-video-index0
[15-Aug-23 19:30:58 - INFO - camera.py:78 - __init__()]  Supported resolutions: [(160, 120), (176, 144), (320, 240), (352, 288), (416, 240), (424, 240), (640, 360), (640, 480), (800, 448), (800, 600), (960, 544), (1280, 720), (1280, 800)]
[15-Aug-23 19:30:59 - WARNING - camera.py:86 - __init__()]  Failed to disable auto exposure for platform-fc800000.usb-usb-0:1:1.0-video-index0
[15-Aug-23 19:30:59 - INFO - camera.py:99 - __init__()]  Config found!
[15-Aug-23 19:30:59 - ERROR - camera.py:152 - setResolution()]  Failed to set resolution to [640, 480] for platform-fc800000.usb-usb-0:1:1.0-video-index0
[15-Aug-23 19:30:59 - INFO - camera.py:179 - setGain()]  Gain set to -1.0
[15-Aug-23 19:30:59 - INFO - camera.py:200 - setExposure()]  Exposure set to -1.0
[15-Aug-23 19:30:59 - INFO - image_streams.py:43 - __init__()]  Tag layout loaded
[15-Aug-23 19:31:03 - INFO - init.py:44 - <module>()]  Web server ready
[15-Aug-23 19:31:03 - INFO - Processing.py:15 - __init__()]  Tag layout loaded
[15-Aug-23 19:31:03 - INFO - state.py:105 - makePublisher()]  Robot publisher created: 2767 - Walleye
[15-Aug-23 19:31:03 - INFO - NetworkClient.cpp:141 - None()]  starting network client
[15-Aug-23 19:31:03 - INFO - init.py:53 - <module>()]  Starting main loop
[15-Aug-23 19:31:03 - CRITICAL - init.py:159 - <module>()]  'Condition' object is not callable
Traceback (most recent call last):
  File "/home/orangepi/Desktop/wallEYE-main/init.py", line 119, in <module>
    images = walleyeData.cameras.getFrames()
  File "/home/orangepi/Desktop/wallEYE-main/Camera/camera.py", line 142, in getFrames
    _, img = camInfo.cam.read()
  File "/home/orangepi/Desktop/wallEYE-main/Camera/BufferlessVideoCapture.py", line 52, in read
    return self.q.not_empty(), self.q.get()
TypeError: 'Condition' object is not callable
[15-Aug-23 19:31:03 - INFO - init.py:160 - <module>()]  Shutting down
[15-Aug-23 19:31:05 - INFO - init.py:14 - <module>()]  ----------- Starting Up -----------
[15-Aug-23 19:31:06 - INFO - state.py:138 - setIP()]  Attempting to set static IP
[15-Aug-23 19:31:06 - INFO - state.py:149 - setIP()]  Static IP set: 10.27.67.10
[15-Aug-23 19:31:06 - INFO - camera.py:38 - __init__()]  Platform is linux
[15-Aug-23 19:31:06 - INFO - camera.py:53 - __init__()]  Camera found: platform-fc800000.usb-usb-0:1:1.0-video-index0
[15-Aug-23 19:31:06 - INFO - camera.py:78 - __init__()]  Supported resolutions: [(160, 120), (176, 144), (320, 240), (352, 288), (416, 240), (424, 240), (640, 360), (640, 480), (800, 448), (800, 600), (960, 544), (1280, 720), (1280, 800)]
[15-Aug-23 19:31:07 - WARNING - camera.py:86 - __init__()]  Failed to disable auto exposure for platform-fc800000.usb-usb-0:1:1.0-video-index0
[15-Aug-23 19:31:07 - INFO - camera.py:99 - __init__()]  Config found!
[15-Aug-23 19:31:07 - ERROR - camera.py:152 - setResolution()]  Failed to set resolution to [640, 480] for platform-fc800000.usb-usb-0:1:1.0-video-index0
[15-Aug-23 19:31:07 - INFO - camera.py:179 - setGain()]  Gain set to -1.0
[15-Aug-23 19:31:07 - INFO - camera.py:200 - setExposure()]  Exposure set to -1.0
[15-Aug-23 19:31:08 - INFO - image_streams.py:43 - __init__()]  Tag layout loaded
[15-Aug-23 19:31:11 - INFO - init.py:44 - <module>()]  Web server ready
[15-Aug-23 19:31:11 - INFO - Processing.py:15 - __init__()]  Tag layout loaded
[15-Aug-23 19:31:11 - INFO - NetworkClient.cpp:141 - None()]  starting network client
[15-Aug-23 19:31:11 - INFO - state.py:105 - makePublisher()]  Robot publisher created: 2767 - Walleye
[15-Aug-23 19:31:11 - INFO - init.py:53 - <module>()]  Starting main loop
[15-Aug-23 19:31:11 - CRITICAL - init.py:159 - <module>()]  'Condition' object is not callable
Traceback (most recent call last):
  File "/home/orangepi/Desktop/wallEYE-main/init.py", line 119, in <module>
    images = walleyeData.cameras.getFrames()
  File "/home/orangepi/Desktop/wallEYE-main/Camera/camera.py", line 142, in getFrames
    _, img = camInfo.cam.read()
  File "/home/orangepi/Desktop/wallEYE-main/Camera/BufferlessVideoCapture.py", line 52, in read
    return self.q.not_empty(), self.q.get()
TypeError: 'Condition' object is not callable
[15-Aug-23 19:31:11 - INFO - init.py:160 - <module>()]  Shutting down
[15-Aug-23 19:31:14 - INFO - init.py:14 - <module>()]  ----------- Starting Up -----------
[15-Aug-23 19:31:14 - INFO - state.py:138 - setIP()]  Attempting to set static IP
[15-Aug-23 19:31:14 - INFO - state.py:149 - setIP()]  Static IP set: 10.27.67.10
[15-Aug-23 19:31:14 - INFO - camera.py:38 - __init__()]  Platform is linux
[15-Aug-23 19:31:14 - INFO - camera.py:53 - __init__()]  Camera found: platform-fc800000.usb-usb-0:1:1.0-video-index0
[15-Aug-23 19:31:14 - INFO - camera.py:78 - __init__()]  Supported resolutions: [(160, 120), (176, 144), (320, 240), (352, 288), (416, 240), (424, 240), (640, 360), (640, 480), (800, 448), (800, 600), (960, 544), (1280, 720), (1280, 800)]
[15-Aug-23 19:31:15 - WARNING - camera.py:86 - __init__()]  Failed to disable auto exposure for platform-fc800000.usb-usb-0:1:1.0-video-index0
[15-Aug-23 19:31:15 - INFO - camera.py:99 - __init__()]  Config found!
[15-Aug-23 19:31:15 - ERROR - camera.py:152 - setResolution()]  Failed to set resolution to [640, 480] for platform-fc800000.usb-usb-0:1:1.0-video-index0
[15-Aug-23 19:31:15 - INFO - camera.py:179 - setGain()]  Gain set to -1.0
[15-Aug-23 19:31:15 - INFO - camera.py:200 - setExposure()]  Exposure set to -1.0
[15-Aug-23 19:31:16 - INFO - init.py:14 - <module>()]  ----------- Starting Up -----------
[15-Aug-23 19:31:16 - INFO - state.py:138 - setIP()]  Attempting to set static IP
[15-Aug-23 19:31:16 - INFO - state.py:149 - setIP()]  Static IP set: 10.27.67.10
[15-Aug-23 19:31:17 - INFO - camera.py:38 - __init__()]  Platform is linux
[15-Aug-23 19:31:17 - INFO - camera.py:53 - __init__()]  Camera found: platform-fc800000.usb-usb-0:1:1.0-video-index0
[15-Aug-23 19:31:17 - INFO - camera.py:78 - __init__()]  Supported resolutions: [(160, 120), (176, 144), (320, 240), (352, 288), (416, 240), (424, 240), (640, 360), (640, 480), (800, 448), (800, 600), (960, 544), (1280, 720), (1280, 800)]
[15-Aug-23 19:31:17 - WARNING - camera.py:86 - __init__()]  Failed to disable auto exposure for platform-fc800000.usb-usb-0:1:1.0-video-index0
[15-Aug-23 19:31:17 - INFO - camera.py:99 - __init__()]  Config found!
[15-Aug-23 19:31:17 - ERROR - camera.py:152 - setResolution()]  Failed to set resolution to [640, 480] for platform-fc800000.usb-usb-0:1:1.0-video-index0
[15-Aug-23 19:31:17 - INFO - camera.py:179 - setGain()]  Gain set to -1.0
[15-Aug-23 19:31:17 - INFO - camera.py:200 - setExposure()]  Exposure set to -1.0
[15-Aug-23 19:31:19 - INFO - init.py:14 - <module>()]  ----------- Starting Up -----------
[15-Aug-23 19:31:19 - INFO - state.py:138 - setIP()]  Attempting to set static IP
[15-Aug-23 19:31:19 - INFO - state.py:149 - setIP()]  Static IP set: 10.27.67.10
[15-Aug-23 19:31:19 - INFO - camera.py:38 - __init__()]  Platform is linux
[15-Aug-23 19:31:19 - INFO - camera.py:53 - __init__()]  Camera found: platform-fc800000.usb-usb-0:1:1.0-video-index0
[15-Aug-23 19:31:19 - INFO - camera.py:78 - __init__()]  Supported resolutions: [(160, 120), (176, 144), (320, 240), (352, 288), (416, 240), (424, 240), (640, 360), (640, 480), (800, 448), (800, 600), (960, 544), (1280, 720), (1280, 800)]
[15-Aug-23 19:31:20 - WARNING - camera.py:86 - __init__()]  Failed to disable auto exposure for platform-fc800000.usb-usb-0:1:1.0-video-index0
[15-Aug-23 19:31:20 - INFO - camera.py:99 - __init__()]  Config found!
[15-Aug-23 19:31:20 - ERROR - camera.py:152 - setResolution()]  Failed to set resolution to [640, 480] for platform-fc800000.usb-usb-0:1:1.0-video-index0
[15-Aug-23 19:31:20 - INFO - camera.py:179 - setGain()]  Gain set to -1.0
[15-Aug-23 19:31:20 - INFO - camera.py:200 - setExposure()]  Exposure set to -1.0
[15-Aug-23 19:31:21 - INFO - image_streams.py:43 - __init__()]  Tag layout loaded
[15-Aug-23 19:31:25 - INFO - init.py:44 - <module>()]  Web server ready
[15-Aug-23 19:31:25 - INFO - Processing.py:15 - __init__()]  Tag layout loaded
[15-Aug-23 19:31:25 - INFO - NetworkClient.cpp:141 - None()]  starting network client
[15-Aug-23 19:31:25 - INFO - state.py:105 - makePublisher()]  Robot publisher created: 2767 - Walleye
[15-Aug-23 19:31:25 - INFO - init.py:53 - <module>()]  Starting main loop
[15-Aug-23 19:31:26 - INFO - init.py:14 - <module>()]  ----------- Starting Up -----------
[15-Aug-23 19:31:26 - INFO - state.py:138 - setIP()]  Attempting to set static IP
[15-Aug-23 19:31:27 - INFO - state.py:149 - setIP()]  Static IP set: 10.27.67.10
[15-Aug-23 19:31:27 - INFO - camera.py:38 - __init__()]  Platform is linux
[15-Aug-23 19:31:27 - INFO - camera.py:53 - __init__()]  Camera found: platform-fc800000.usb-usb-0:1:1.0-video-index0
[15-Aug-23 19:31:27 - INFO - camera.py:78 - __init__()]  Supported resolutions: [(160, 120), (176, 144), (320, 240), (352, 288), (416, 240), (424, 240), (640, 360), (640, 480), (800, 448), (800, 600), (960, 544), (1280, 720), (1280, 800)]
[15-Aug-23 19:31:28 - WARNING - camera.py:86 - __init__()]  Failed to disable auto exposure for platform-fc800000.usb-usb-0:1:1.0-video-index0
[15-Aug-23 19:31:28 - INFO - camera.py:99 - __init__()]  Config found!
[15-Aug-23 19:31:28 - ERROR - camera.py:152 - setResolution()]  Failed to set resolution to [640, 480] for platform-fc800000.usb-usb-0:1:1.0-video-index0
[15-Aug-23 19:31:28 - INFO - camera.py:179 - setGain()]  Gain set to -1.0
[15-Aug-23 19:31:28 - INFO - camera.py:200 - setExposure()]  Exposure set to -1.0
[15-Aug-23 19:31:29 - INFO - init.py:14 - <module>()]  ----------- Starting Up -----------
[15-Aug-23 19:31:29 - INFO - state.py:138 - setIP()]  Attempting to set static IP
[15-Aug-23 19:31:29 - INFO - state.py:149 - setIP()]  Static IP set: 10.27.67.10
[15-Aug-23 19:31:30 - INFO - camera.py:38 - __init__()]  Platform is linux
[15-Aug-23 19:31:30 - INFO - camera.py:53 - __init__()]  Camera found: platform-fc800000.usb-usb-0:1:1.0-video-index0
[15-Aug-23 19:31:30 - INFO - camera.py:78 - __init__()]  Supported resolutions: [(160, 120), (176, 144), (320, 240), (352, 288), (416, 240), (424, 240), (640, 360), (640, 480), (800, 448), (800, 600), (960, 544), (1280, 720), (1280, 800)]
[15-Aug-23 19:31:30 - WARNING - camera.py:86 - __init__()]  Failed to disable auto exposure for platform-fc800000.usb-usb-0:1:1.0-video-index0
[15-Aug-23 19:31:30 - INFO - camera.py:99 - __init__()]  Config found!
[15-Aug-23 19:31:30 - ERROR - camera.py:152 - setResolution()]  Failed to set resolution to [640, 480] for platform-fc800000.usb-usb-0:1:1.0-video-index0
[15-Aug-23 19:31:30 - INFO - camera.py:179 - setGain()]  Gain set to -1.0
[15-Aug-23 19:31:30 - INFO - camera.py:200 - setExposure()]  Exposure set to -1.0
[15-Aug-23 19:31:32 - INFO - init.py:14 - <module>()]  ----------- Starting Up -----------
[15-Aug-23 19:31:32 - INFO - state.py:138 - setIP()]  Attempting to set static IP
[15-Aug-23 19:31:32 - INFO - state.py:149 - setIP()]  Static IP set: 10.27.67.10
[15-Aug-23 19:31:32 - INFO - camera.py:38 - __init__()]  Platform is linux
[15-Aug-23 19:31:32 - INFO - camera.py:53 - __init__()]  Camera found: platform-fc800000.usb-usb-0:1:1.0-video-index0
[15-Aug-23 19:31:32 - INFO - camera.py:78 - __init__()]  Supported resolutions: [(160, 120), (176, 144), (320, 240), (352, 288), (416, 240), (424, 240), (640, 360), (640, 480), (800, 448), (800, 600), (960, 544), (1280, 720), (1280, 800)]
[15-Aug-23 19:31:33 - WARNING - camera.py:86 - __init__()]  Failed to disable auto exposure for platform-fc800000.usb-usb-0:1:1.0-video-index0
[15-Aug-23 19:31:33 - INFO - camera.py:99 - __init__()]  Config found!
[15-Aug-23 19:31:33 - ERROR - camera.py:152 - setResolution()]  Failed to set resolution to [640, 480] for platform-fc800000.usb-usb-0:1:1.0-video-index0
[15-Aug-23 19:31:33 - INFO - camera.py:179 - setGain()]  Gain set to -1.0
[15-Aug-23 19:31:33 - INFO - camera.py:200 - setExposure()]  Exposure set to -1.0
[15-Aug-23 19:31:34 - INFO - init.py:14 - <module>()]  ----------- Starting Up -----------
[15-Aug-23 19:31:34 - INFO - state.py:138 - setIP()]  Attempting to set static IP
[15-Aug-23 19:31:34 - INFO - state.py:149 - setIP()]  Static IP set: 10.27.67.10
[15-Aug-23 19:31:35 - INFO - camera.py:38 - __init__()]  Platform is linux
[15-Aug-23 19:31:35 - INFO - camera.py:53 - __init__()]  Camera found: platform-fc800000.usb-usb-0:1:1.0-video-index0
[15-Aug-23 19:31:35 - INFO - camera.py:78 - __init__()]  Supported resolutions: [(160, 120), (176, 144), (320, 240), (352, 288), (416, 240), (424, 240), (640, 360), (640, 480), (800, 448), (800, 600), (960, 544), (1280, 720), (1280, 800)]
[15-Aug-23 19:31:36 - WARNING - camera.py:86 - __init__()]  Failed to disable auto exposure for platform-fc800000.usb-usb-0:1:1.0-video-index0
[15-Aug-23 19:31:36 - INFO - camera.py:99 - __init__()]  Config found!
[15-Aug-23 19:31:36 - ERROR - camera.py:152 - setResolution()]  Failed to set resolution to [640, 480] for platform-fc800000.usb-usb-0:1:1.0-video-index0
[15-Aug-23 19:31:36 - INFO - camera.py:179 - setGain()]  Gain set to -1.0
[15-Aug-23 19:31:36 - INFO - camera.py:200 - setExposure()]  Exposure set to -1.0
[15-Aug-23 19:31:37 - INFO - init.py:14 - <module>()]  ----------- Starting Up -----------
[15-Aug-23 19:31:37 - INFO - state.py:138 - setIP()]  Attempting to set static IP
[15-Aug-23 19:31:37 - INFO - state.py:149 - setIP()]  Static IP set: 10.27.67.10
[15-Aug-23 19:31:38 - INFO - camera.py:38 - __init__()]  Platform is linux
[15-Aug-23 19:31:38 - INFO - camera.py:53 - __init__()]  Camera found: platform-fc800000.usb-usb-0:1:1.0-video-index0
[15-Aug-23 19:31:38 - INFO - camera.py:78 - __init__()]  Supported resolutions: [(160, 120), (176, 144), (320, 240), (352, 288), (416, 240), (424, 240), (640, 360), (640, 480), (800, 448), (800, 600), (960, 544), (1280, 720), (1280, 800)]
[15-Aug-23 19:31:38 - WARNING - camera.py:86 - __init__()]  Failed to disable auto exposure for platform-fc800000.usb-usb-0:1:1.0-video-index0
[15-Aug-23 19:31:38 - INFO - camera.py:99 - __init__()]  Config found!
[15-Aug-23 19:31:38 - ERROR - camera.py:152 - setResolution()]  Failed to set resolution to [640, 480] for platform-fc800000.usb-usb-0:1:1.0-video-index0
[15-Aug-23 19:31:38 - INFO - camera.py:179 - setGain()]  Gain set to -1.0
[15-Aug-23 19:31:38 - INFO - camera.py:200 - setExposure()]  Exposure set to -1.0
[15-Aug-23 19:31:39 - INFO - image_streams.py:43 - __init__()]  Tag layout loaded
[15-Aug-23 19:31:42 - INFO - init.py:44 - <module>()]  Web server ready
[15-Aug-23 19:31:42 - INFO - Processing.py:15 - __init__()]  Tag layout loaded
[15-Aug-23 19:31:42 - INFO - NetworkClient.cpp:141 - None()]  starting network client
[15-Aug-23 19:31:42 - INFO - state.py:105 - makePublisher()]  Robot publisher created: 2767 - Walleye
[15-Aug-23 19:31:42 - INFO - init.py:53 - <module>()]  Starting main loop
[15-Aug-23 19:31:51 - INFO - web_interface.py:41 - connect()]  Client connected
[15-Aug-23 19:32:09 - ERROR - camera.py:152 - setResolution()]  Failed to set resolution to (1280, 720) for platform-fc800000.usb-usb-0:1:1.0-video-index0
[15-Aug-23 19:33:58 - INFO - init.py:14 - <module>()]  ----------- Starting Up -----------
[15-Aug-23 19:33:59 - INFO - state.py:138 - setIP()]  Attempting to set static IP
[15-Aug-23 19:33:59 - INFO - state.py:149 - setIP()]  Static IP set: 10.27.67.10
[15-Aug-23 19:34:00 - INFO - camera.py:38 - __init__()]  Platform is linux
[15-Aug-23 19:34:00 - INFO - camera.py:53 - __init__()]  Camera found: platform-fc800000.usb-usb-0:1:1.0-video-index0
[15-Aug-23 19:34:00 - INFO - camera.py:78 - __init__()]  Supported resolutions: [(160, 120), (176, 144), (320, 240), (352, 288), (416, 240), (424, 240), (640, 360), (640, 480), (800, 448), (800, 600), (960, 544), (1280, 720), (1280, 800)]
[15-Aug-23 19:34:00 - WARNING - camera.py:86 - __init__()]  Failed to disable auto exposure for platform-fc800000.usb-usb-0:1:1.0-video-index0
[15-Aug-23 19:34:00 - INFO - camera.py:99 - __init__()]  Config found!
[15-Aug-23 19:34:00 - ERROR - camera.py:152 - setResolution()]  Failed to set resolution to [640, 480] for platform-fc800000.usb-usb-0:1:1.0-video-index0
[15-Aug-23 19:34:00 - INFO - camera.py:179 - setGain()]  Gain set to -1.0
[15-Aug-23 19:34:00 - INFO - camera.py:200 - setExposure()]  Exposure set to -1.0
[15-Aug-23 19:34:02 - INFO - image_streams.py:43 - __init__()]  Tag layout loaded
[15-Aug-23 19:34:07 - INFO - init.py:44 - <module>()]  Web server ready
[15-Aug-23 19:34:07 - INFO - Processing.py:15 - __init__()]  Tag layout loaded
[15-Aug-23 19:34:07 - INFO - NetworkClient.cpp:141 - None()]  starting network client
[15-Aug-23 19:34:07 - INFO - state.py:105 - makePublisher()]  Robot publisher created: 2767 - Walleye
[15-Aug-23 19:34:07 - INFO - init.py:53 - <module>()]  Starting main loop
[15-Aug-23 19:34:09 - INFO - web_interface.py:41 - connect()]  Client connected
[15-Aug-23 19:34:13 - WARNING - web_interface.py:46 - disconnect()]  Client disconnected
[15-Aug-23 19:34:13 - INFO - web_interface.py:41 - connect()]  Client connected
